2025-04-30 20:33:16,482 - __main__ - INFO - Friendship is Love without wings.
2025-04-30 21:31:34,219 - __main__ - INFO - Token value: 123
2025-04-30 21:31:34,963 - __main__ - INFO - Curiosity is, in great and generous minds, the first passion and the last.
2025-04-30 22:34:57,133 - __main__ - INFO - Token value: 123
2025-04-30 22:34:57,696 - __main__ - INFO - For every failure, there's an alternative
course of action. You just have to find it.
When you come to a roadblock,
take a detour.
2025-04-30 23:30:43,897 - __main__ - INFO - Token value: 123
2025-04-30 23:30:44,798 - __main__ - INFO - Be happy, but never satisfied.
2025-05-01 02:23:09,781 - __main__ - INFO - Token value: 123
2025-05-01 02:23:10,430 - __main__ - INFO - Art is the lie that enables us to realize the truth.
2025-05-01 03:30:43,496 - __main__ - INFO - Token value: 123
2025-05-01 03:30:44,080 - __main__ - INFO - Life isn't a support system for art. It's the other way around.
2025-05-01 04:41:27,225 - __main__ - INFO - Token value: 123
2025-05-01 04:41:27,592 - __main__ - INFO - The difference between sex and love is that sex relieves tension and love causes it.
2025-05-01 05:35:10,643 - __main__ - INFO - Token value: 123
2025-05-01 05:35:11,151 - __main__ - INFO - I believe in equal rights for everyone. I think God loves all
2025-05-01 06:43:40,481 - __main__ - INFO - Token value: 123
2025-05-01 06:43:40,891 - __main__ - INFO - You can't choose up sides on a round world.
2025-05-01 07:30:35,842 - __main__ - INFO - Token value: 123
2025-05-01 07:30:36,462 - __main__ - INFO - There are many things that we would throw away if we were not afraid that others might pick them up.
2025-05-01 08:39:58,310 - __main__ - INFO - Token value: 123
2025-05-01 08:39:58,872 - __main__ - INFO - Positive thinking will let you do everything better than negative thinking will.
2025-05-01 09:32:46,766 - __main__ - INFO - Token value: 123
2025-05-01 09:32:47,439 - __main__ - INFO - Music is like a dream. One that I cannot hear.
2025-05-01 10:39:07,173 - __main__ - INFO - Token value: 123
2025-05-01 10:39:07,927 - __main__ - INFO - Stories of imagination tend to upset those without one.
2025-05-01 11:28:08,986 - __main__ - INFO - Token value: 123
2025-05-01 11:28:09,644 - __main__ - INFO - Beauty is not in the face; beauty is a light in the heart.
2025-05-01 12:56:20,506 - __main__ - INFO - Token value: 123
2025-05-01 12:56:21,100 - __main__ - INFO - Our own heart, and not other men's opinions, forms our true honor.
2025-05-01 13:38:24,638 - __main__ - INFO - Token value: 123
2025-05-01 13:38:25,369 - __main__ - INFO - When you have something to say, silence is a lie.
2025-05-01 14:34:12,448 - __main__ - INFO - Token value: 123
2025-05-01 14:34:12,956 - __main__ - INFO - Look deep into nature, and then you will understand everything better.
2025-05-01 15:32:51,510 - __main__ - INFO - Token value: 123
2025-05-01 15:32:52,502 - __main__ - INFO - The most incomprehensible thing about the world is that it is at all comprehensible.
2025-05-01 16:41:09,864 - __main__ - INFO - Token value: 123
2025-05-01 16:41:10,550 - __main__ - INFO - I am that clumsy human, always loving, loving, loving. And loving. And never leaving.
2025-05-01 17:32:34,555 - __main__ - INFO - Token value: 123
2025-05-01 17:32:35,053 - __main__ - INFO - But a mermaid has no tears, and therefore she suffers so much more.
2025-05-01 18:42:31,254 - __main__ - INFO - Token value: 123
2025-05-01 18:42:32,127 - __main__ - INFO - This isn't life in the fast lane, it's life in the oncoming traffic.
2025-05-01 19:26:27,615 - __main__ - INFO - Token value: 123
2025-05-01 19:26:28,206 - __main__ - INFO - When you realise that there is no democracy in Heaven, you will end up advising the people to obey even the unjust law. Peace over freedom.
2025-05-01 20:32:28,770 - __main__ - INFO - Token value: 123
2025-05-01 20:32:29,479 - __main__ - INFO - Our greatest glory is not in never falling, but in rising every time we fall.
2025-05-01 21:28:59,146 - __main__ - INFO - Token value: 123
2025-05-01 21:28:59,765 - __main__ - INFO - A bore is someone who deprives you of solitude without providing you with company.
2025-05-01 22:35:14,293 - __main__ - INFO - Token value: 123
2025-05-01 22:35:14,850 - __main__ - INFO - Happiness is when what you think, what you say, and what you do are in harmony.
2025-05-01 23:30:31,914 - __main__ - INFO - Token value: 123
2025-05-01 23:30:32,703 - __main__ - INFO - There is no safety. Only varying states of risk. And failure.
